  MainForm.cpp
E:\OneDrive - dongguk.edu\CSE_Study\개인 프로젝트\TimeTable-Generator\TimeTable-Generator\module\WeightGraph.h(52,1): warning C4267: '=': 'size_t'에서 'int'(으)로 변환하면서 데이터가 손실될 수 있습니다.
E:\OneDrive - dongguk.edu\CSE_Study\개인 프로젝트\TimeTable-Generator\TimeTable-Generator\module\TimeTabGenerator.h(127,36): warning C4244: '인수': 'double'에서 'WeightedGraph::WeightType'(으)로 변환하면서 데이터가 손실될 수 있습니다.
E:\OneDrive - dongguk.edu\CSE_Study\개인 프로젝트\TimeTable-Generator\TimeTable-Generator\module\TimeTabGenerator.h(127,30): warning C4244: '인수': 'double'에서 'WeightedGraph::WeightType'(으)로 변환하면서 데이터가 손실될 수 있습니다.
E:\OneDrive - dongguk.edu\CSE_Study\개인 프로젝트\TimeTable-Generator\TimeTable-Generator\module\TimeTabGenerator.h(194,1): warning C4267: '=': 'size_t'에서 '_Ty'(으)로 변환하면서 데이터가 손실될 수 있습니다.
          with
          [
              _Ty=int
          ]
E:\OneDrive - dongguk.edu\CSE_Study\개인 프로젝트\TimeTable-Generator\TimeTable-Generator\module\TimeTabForm.h(663,1): warning C4267: '초기화 중': 'size_t'에서 'int'(으)로 변환하면서 데이터가 손실될 수 있습니다.
  TimeTabForm.cpp
E:\OneDrive - dongguk.edu\CSE_Study\개인 프로젝트\TimeTable-Generator\TimeTable-Generator\module\WeightGraph.h(52,1): warning C4267: '=': 'size_t'에서 'int'(으)로 변환하면서 데이터가 손실될 수 있습니다.
E:\OneDrive - dongguk.edu\CSE_Study\개인 프로젝트\TimeTable-Generator\TimeTable-Generator\module\TimeTabGenerator.h(127,36): warning C4244: '인수': 'double'에서 'WeightedGraph::WeightType'(으)로 변환하면서 데이터가 손실될 수 있습니다.
E:\OneDrive - dongguk.edu\CSE_Study\개인 프로젝트\TimeTable-Generator\TimeTable-Generator\module\TimeTabGenerator.h(127,30): warning C4244: '인수': 'double'에서 'WeightedGraph::WeightType'(으)로 변환하면서 데이터가 손실될 수 있습니다.
E:\OneDrive - dongguk.edu\CSE_Study\개인 프로젝트\TimeTable-Generator\TimeTable-Generator\module\TimeTabGenerator.h(194,1): warning C4267: '=': 'size_t'에서 '_Ty'(으)로 변환하면서 데이터가 손실될 수 있습니다.
          with
          [
              _Ty=int
          ]
E:\OneDrive - dongguk.edu\CSE_Study\개인 프로젝트\TimeTable-Generator\TimeTable-Generator\module\TimeTabForm.h(663,1): warning C4267: '초기화 중': 'size_t'에서 'int'(으)로 변환하면서 데이터가 손실될 수 있습니다.
  코드를 생성하고 있습니다...
  MainForm.obj : MSIL 모듈이 발견되었습니다. MSIL에 증분 링크를 사용할 수 없습니다. 전체 링크를 수행하고 있습니다.
  TimeTable-Generator.vcxproj -> E:\OneDrive - dongguk.edu\CSE_Study\개인 프로젝트\TimeTable-Generator\x64\Debug\TimeTable-Generator.exe
